<?xml version="1.0" encoding="UTF-8"?>
<testsuite xmlns:xsi="http://www.w3.org/2001/XMLSchema-instance" xsi:noNamespaceSchemaLocation="https://maven.apache.org/surefire/maven-surefire-plugin/xsd/surefire-test-report-3.0.xsd" version="3.0" name="TestSuite" time="8.482" tests="1" errors="0" skipped="0" failures="1">
  <properties>
[...]
</properties>
  <testcase name="runScenario[&quot;Successfull Regitartion with valid input&quot;, &quot;Optional[User Registration]&quot;](1)" classname="cucumberOptions.TestNGTestRunner" time="5.233">
    <failure message="Keys to send should be a not null CharSequence" type="java.lang.IllegalArgumentException"><![CDATA[java.lang.IllegalArgumentException: Keys to send should be a not null CharSequence
]]></failure>
    <system-out><![CDATA[[TestNGContentHandler] [WARN] It is strongly recommended to add "<!DOCTYPE suite SYSTEM "https://testng.org/testng-1.0.dtd" >" at the top of the suite file [C:\Users\pbatale\Downloads\CucumberFramework\CucumberFramework\testng.xml] otherwise TestNG may fail or not work as expected.
2025-01-20 15:07:53 [INFO] Hooks - Starting the scenario...
2025-01-20 15:07:53 [INFO] RegistrationStepDefinition - User is on registration page
2025-01-20 15:07:53 [INFO] Hooks - Screenshot has bpeen added
2025-01-20 15:07:53 [INFO] Hooks - Ending the scenario...
]]></system-out>
    <system-err><![CDATA[Jan 20, 2025 3:07:51 PM org.openqa.selenium.devtools.CdpVersionFinder findNearestMatch
WARNING: Unable to find CDP implementation matching 131
Jan 20, 2025 3:07:51 PM org.openqa.selenium.chromium.ChromiumDriver lambda$new$5
WARNING: Unable to find version of CDP to use for 131.0.6778.205. You may need to include a dependency on a specific version of the CDP using something similar to `org.seleniumhq.selenium:selenium-devtools-v86:4.20.0` where the version ("v86") matches the version of the chromium-based browser you're using and the version number of the artifact is the same as Selenium's.
]]></system-err>
  </testcase>
</testsuite>