<?xml version="1.0" encoding="UTF-8"?>
<!-- Generated by org.testng.reporters.JUnitXMLReporter -->
<testsuite ignored="0" hostname="INLEN8520066240" failures="1" tests="1" name="CucumberTest" time="7.774" errors="0" timestamp="2025-01-20T15:07:54 IST">
  <testcase classname="io.cucumber.testng.AbstractTestNGCucumberTests" name="runScenario" time="5.226">
    <failure type="java.lang.IllegalArgumentException" message="Keys to send should be a not null CharSequence">
      <![CDATA[java.lang.IllegalArgumentException: Keys to send should be a not null CharSequence
at org.openqa.selenium.remote.RemoteWebElement.sendKeys(RemoteWebElement.java:96)
at pageObjects.RegistrationPage.fillRegistrationForm(RegistrationPage.java:42)
at stepDefinitions.RegistrationStepDefinition.user_enters_all_the_valid_inputs(RegistrationStepDefinition.java:72)
at ✽.User enters all the valid inputs(file:///C:/Users/pbatale/Downloads/CucumberFramework/CucumberFramework/src/test/java/features/Registration.feature:6)
]]>
    </failure>
  </testcase> <!-- runScenario -->
</testsuite> <!-- CucumberTest -->
