<?xml version="1.0" encoding="UTF-8"?>
<!-- Generated by org.testng.reporters.JUnitReportReporter -->
<testsuite hostname="INLEN8520066240" failures="1" tests="3" name="cucumberOptions.FailedTestRunner" time="36.864" errors="0" timestamp="2024-12-16T15:19:41 IST" skipped="0">
  <testcase classname="cucumberOptions.FailedTestRunner" name="runScenario" time="12.689">
    <failure message="expected [Beetroot] but found [No data]" type="java.lang.AssertionError">
      <![CDATA[java.lang.AssertionError: expected [Beetroot] but found [No data]
at org.testng.Assert.fail(Assert.java:99)
at org.testng.Assert.failNotEquals(Assert.java:1037)
at org.testng.Assert.assertEqualsImpl(Assert.java:140)
at org.testng.Assert.assertEquals(Assert.java:122)
at org.testng.Assert.assertEquals(Assert.java:629)
at org.testng.Assert.assertEquals(Assert.java:639)
at stepDefinitions.OfferPageStepDefinition.validate_product_name_in_Offers_page(OfferPageStepDefinition.java:58)
at ✽.validate product name in offers page matches with Landing Page(file:///C:/Users/pbatale/Downloads/CucumberFramework/CucumberFramework/src/test/java/features/searchProduct.feature:8)
]]>
    </failure>
  </testcase> <!-- runScenario -->
  <system-out/>
  <testcase classname="cucumberOptions.FailedTestRunner" name="runScenario" time="12.578"/>
  <system-out/>
  <testcase classname="cucumberOptions.FailedTestRunner" name="runScenario" time="11.597"/>
  <system-out/>
</testsuite> <!-- cucumberOptions.FailedTestRunner -->
