<?xml version="1.0" encoding="UTF-8"?>
<testng-results ignored="0" total="1" passed="1" failed="0" skipped="0">
  <reporter-output>
  </reporter-output>
  <suite started-at="2025-01-29T14:35:38 IST" name="Default suite" finished-at="2025-01-29T14:35:57 IST" duration-ms="19227">
    <groups>
      <group name="cucumber">
        <method signature="AbstractTestNGCucumberTests.runScenario(io.cucumber.testng.PickleWrapper,io.cucumber.testng.FeatureWrapper)[pri:0, instance:cucumberOptions.TestNGTestRunner@3e78b6a5]" name="runScenario" class="io.cucumber.testng.AbstractTestNGCucumberTests"/>
      </group> <!-- cucumber -->
    </groups>
    <test started-at="2025-01-29T14:35:38 IST" name="Default test" finished-at="2025-01-29T14:35:57 IST" duration-ms="19227">
      <class name="cucumberOptions.TestNGTestRunner">
        <test-method is-config="true" signature="setUpClass(org.testng.ITestContext)[pri:0, instance:cucumberOptions.TestNGTestRunner@3e78b6a5]" started-at="2025-01-29T14:35:38 IST" name="setUpClass" finished-at="2025-01-29T14:35:40 IST" duration-ms="1488" status="PASS">
          <params>
            <param index="0">
              <value>
                <![CDATA[org.testng.TestRunner@58d6e55a]]>
              </value>
            </param>
          </params>
          <reporter-output>
          </reporter-output>
        </test-method> <!-- setUpClass -->
        <test-method signature="runScenario(io.cucumber.testng.PickleWrapper,io.cucumber.testng.FeatureWrapper)[pri:0, instance:cucumberOptions.TestNGTestRunner@3e78b6a5]" started-at="2025-01-29T14:35:40 IST" name="runScenario" description="Runs Cucumber Scenarios" data-provider="scenarios" finished-at="2025-01-29T14:35:57 IST" duration-ms="17431" status="PASS">
          <params>
            <param index="0">
              <value>
                <![CDATA["Verify the sorting of the table"]]>
              </value>
            </param>
            <param index="1">
              <value>
                <![CDATA["Optional[Check the data table]"]]>
              </value>
            </param>
          </params>
          <reporter-output>
          </reporter-output>
        </test-method> <!-- runScenario -->
        <test-method is-config="true" signature="tearDownClass()[pri:0, instance:cucumberOptions.TestNGTestRunner@3e78b6a5]" started-at="2025-01-29T14:35:57 IST" name="tearDownClass" finished-at="2025-01-29T14:35:57 IST" duration-ms="265" status="PASS">
          <reporter-output>
          </reporter-output>
        </test-method> <!-- tearDownClass -->
      </class> <!-- cucumberOptions.TestNGTestRunner -->
    </test> <!-- Default test -->
  </suite> <!-- Default suite -->
</testng-results>
